<?xml version="1.0" encoding="UTF-8"?>
<!-- Generated by org.testng.reporters.JUnitReportReporter -->
<testsuite hostname="LAPTOP-PAB7HA8D" name="selenium.Ex3_Locators" tests="1" failures="0" timestamp="5 Sep 2020 11:00:16 GMT" time="20.902" errors="0">
  <testcase name="fb" time="20.902" classname="selenium.Ex3_Locators"/>
</testsuite> <!-- selenium.Ex3_Locators -->
