<?xml version="1.0" encoding="UTF-8"?>
<!-- Generated by org.testng.reporters.JUnitReportReporter -->
<testsuite hostname="LAPTOP-PAB7HA8D" name="selenium.exampletestng" tests="1" failures="0" timestamp="1 Sep 2020 11:38:55 GMT" time="0.025" errors="0">
  <testcase name="numbersort" time="0.025" classname="selenium.exampletestng"/>
</testsuite> <!-- selenium.exampletestng -->
