<?xml version="1.0" encoding="UTF-8"?>
<!-- Generated by org.testng.reporters.JUnitReportReporter -->
<testsuite hostname="LAPTOP-PAB7HA8D" name="selenium.Ex1" tests="3" failures="0" timestamp="30 Aug 2020 12:02:50 GMT" time="7.368" errors="0">
  <testcase name="verifyhomePage" time="0.001" classname="selenium.Ex1"/>
  <testcase name="luanchURL" time="7.366" classname="selenium.Ex1"/>
  <testcase name="loginPage" time="0.001" classname="selenium.Ex1"/>
</testsuite> <!-- selenium.Ex1 -->
