<?xml version="1.0" encoding="UTF-8"?>
<!-- Generated by org.testng.reporters.JUnitReportReporter -->
<testsuite hostname="LAPTOP-PAB7HA8D" name="selenium.googleSearch" tests="1" failures="0" timestamp="5 Sep 2020 12:02:12 GMT" time="34.955" errors="0">
  <testcase name="f" time="34.955" classname="selenium.googleSearch"/>
</testsuite> <!-- selenium.googleSearch -->
