<?xml version="1.0" encoding="UTF-8"?>
<!-- Generated by org.testng.reporters.JUnitReportReporter -->
<testsuite hostname="LAPTOP-PAB7HA8D" name="selenium.Ex1_testngPriority" tests="3" failures="0" timestamp="5 Sep 2020 11:37:59 GMT" time="4.302" errors="0">
  <testcase name="verifyhomePage" time="0.000" classname="selenium.Ex1_testngPriority"/>
  <testcase name="luanchURL" time="4.301" classname="selenium.Ex1_testngPriority"/>
  <testcase name="loginPage" time="0.001" classname="selenium.Ex1_testngPriority"/>
</testsuite> <!-- selenium.Ex1_testngPriority -->
